  main.c
c:\users\armindo lopes\desktop\programa icc\main.c(117): warning C4996: 'scanf': This function or variable may be unsafe. Consider using scanf_s instead. To disable deprecation, use _CRT_SECURE_NO_WARNINGS. See online help for details.
  c:\program files (x86)\windows kits\10\include\10.0.14393.0\ucrt\stdio.h(1269): note: see declaration of 'scanf'
c:\users\armindo lopes\desktop\programa icc\main.c(148): warning C4996: 'strcpy': This function or variable may be unsafe. Consider using strcpy_s instead. To disable deprecation, use _CRT_SECURE_NO_WARNINGS. See online help for details.
  c:\program files (x86)\windows kits\10\include\10.0.14393.0\ucrt\string.h(129): note: see declaration of 'strcpy'
c:\users\armindo lopes\desktop\programa icc\main.c(149): warning C4996: 'strcpy': This function or variable may be unsafe. Consider using strcpy_s instead. To disable deprecation, use _CRT_SECURE_NO_WARNINGS. See online help for details.
  c:\program files (x86)\windows kits\10\include\10.0.14393.0\ucrt\string.h(129): note: see declaration of 'strcpy'
c:\users\armindo lopes\desktop\programa icc\main.c(150): warning C4996: 'strcpy': This function or variable may be unsafe. Consider using strcpy_s instead. To disable deprecation, use _CRT_SECURE_NO_WARNINGS. See online help for details.
  c:\program files (x86)\windows kits\10\include\10.0.14393.0\ucrt\string.h(129): note: see declaration of 'strcpy'
c:\users\armindo lopes\desktop\programa icc\main.c(160): warning C4996: 'scanf': This function or variable may be unsafe. Consider using scanf_s instead. To disable deprecation, use _CRT_SECURE_NO_WARNINGS. See online help for details.
  c:\program files (x86)\windows kits\10\include\10.0.14393.0\ucrt\stdio.h(1269): note: see declaration of 'scanf'
c:\users\armindo lopes\desktop\programa icc\main.c(162): warning C4996: 'scanf': This function or variable may be unsafe. Consider using scanf_s instead. To disable deprecation, use _CRT_SECURE_NO_WARNINGS. See online help for details.
  c:\program files (x86)\windows kits\10\include\10.0.14393.0\ucrt\stdio.h(1269): note: see declaration of 'scanf'
c:\users\armindo lopes\desktop\programa icc\main.c(196): warning C4996: 'scanf': This function or variable may be unsafe. Consider using scanf_s instead. To disable deprecation, use _CRT_SECURE_NO_WARNINGS. See online help for details.
  c:\program files (x86)\windows kits\10\include\10.0.14393.0\ucrt\stdio.h(1269): note: see declaration of 'scanf'
c:\users\armindo lopes\desktop\programa icc\main.c(248): warning C4013: 'tolower' undefined; assuming extern returning int
c:\users\armindo lopes\desktop\programa icc\main.c(248): warning C4013: 'getch' undefined; assuming extern returning int
c:\users\armindo lopes\desktop\programa icc\main.c(253): warning C4047: 'function': 'aluno *' differs in levels of indirection from 'al2 [50]'
c:\users\armindo lopes\desktop\programa icc\main.c(253): warning C4024: 'adiciona_aluno': different types for formal and actual parameter 1
c:\users\armindo lopes\desktop\programa icc\main.c(254): warning C4047: 'function': 'aluno *' differs in levels of indirection from 'al2 [50]'
c:\users\armindo lopes\desktop\programa icc\main.c(254): warning C4024: 'apagar_aluno': different types for formal and actual parameter 1
c:\users\armindo lopes\desktop\programa icc\main.c(255): warning C4047: 'function': 'aluno *' differs in levels of indirection from 'al2 [50]'
c:\users\armindo lopes\desktop\programa icc\main.c(255): warning C4024: 'actualizar_aluno': different types for formal and actual parameter 1
c:\users\armindo lopes\desktop\programa icc\main.c(256): warning C4047: 'function': 'aluno *' differs in levels of indirection from 'al2 [50]'
c:\users\armindo lopes\desktop\programa icc\main.c(256): warning C4024: 'vertudo': different types for formal and actual parameter 1
c:\users\armindo lopes\desktop\programa icc\main.c(257): warning C4047: 'function': 'aluno *' differs in levels of indirection from 'al2 [50]'
c:\users\armindo lopes\desktop\programa icc\main.c(257): warning C4024: 'encontra_aluno': different types for formal and actual parameter 1
  Programa ICC.vcxproj -> c:\users\armindo lopes\documents\visual studio 2017\Projects\Programa ICC\Debug\Programa ICC.exe
  Programa ICC.vcxproj -> c:\users\armindo lopes\documents\visual studio 2017\Projects\Programa ICC\Debug\Programa ICC.pdb (Partial PDB)
